<?xml version="1.0" encoding="UTF-8"?>
<!-- Generated by org.testng.reporters.JUnitXMLReporter -->
<testsuite hostname="DSKPTMOB06" name="IETest" tests="1" failures="1" timestamp="14 Feb 2017 14:25:59 GMT" time="10.403" errors="0">
  <testcase name="@AfterClass afterClass" time="0.0" classname="automationFramework.MultiBrowser">
    <failure type="org.openqa.selenium.NoSuchWindowException" message="Unable to find element on closed window (WARNING: The server did not provide any stacktrace information)
Command duration or timeout: 15 milliseconds
Build info: version: &amp;apos;2.53.1&amp;apos;, revision: &amp;apos;a36b8b1&amp;apos;, time: &amp;apos;2016-06-30 17:37:09&amp;apos;
System info: host: &amp;apos;DSKPTMOB06&amp;apos;, ip: &amp;apos;192.168.5.2&amp;apos;, os.name: &amp;apos;Windows 8&amp;apos;, os.arch: &amp;apos;amd64&amp;apos;, os.version: &amp;apos;6.2&amp;apos;, java.version: &amp;apos;1.7.0_07&amp;apos;
*** Element info: {Using=id, value=lnkLogOut}
Session ID: 0a49936f-6a85-4c08-9eb2-26e1cfecfd53
Driver info: org.openqa.selenium.ie.InternetExplorerDriver
Capabilities [{platform=WINDOWS, javascriptEnabled=true, elementScrollBehavior=0, ignoreZoomSetting=false, enablePersistentHover=true, ie.ensureCleanSession=false, browserName=internet explorer, enableElementCacheCleanup=true, ie.enableFullPageScreenshot=true, unexpectedAlertBehaviour=dismiss, ie.fileUploadDialogTimeout=3000, ie.forceShellWindowsApi=false, version=11, pageLoadStrategy=normal, ignoreProtectedModeSettings=false, requireWindowFocus=false, initialBrowserUrl=http://localhost:44165/, ie.forceCreateProcessApi=false, nativeEvents=true, browserAttachTimeout=0, ie.browserCommandLineSwitches=}]">
      <![CDATA[org.openqa.selenium.NoSuchWindowException: Unable to find element on closed window (WARNING: The server did not provide any stacktrace information)
Command duration or timeout: 15 milliseconds
Build info: version: '2.53.1', revision: 'a36b8b1', time: '2016-06-30 17:37:09'
System info: host: 'DSKPTMOB06', ip: '192.168.5.2', os.name: 'Windows 8', os.arch: 'amd64', os.version: '6.2', java.version: '1.7.0_07'
*** Element info: {Using=id, value=lnkLogOut}
Session ID: 0a49936f-6a85-4c08-9eb2-26e1cfecfd53
Driver info: org.openqa.selenium.ie.InternetExplorerDriver
Capabilities [{platform=WINDOWS, javascriptEnabled=true, elementScrollBehavior=0, ignoreZoomSetting=false, enablePersistentHover=true, ie.ensureCleanSession=false, browserName=internet explorer, enableElementCacheCleanup=true, ie.enableFullPageScreenshot=true, unexpectedAlertBehaviour=dismiss, ie.fileUploadDialogTimeout=3000, ie.forceShellWindowsApi=false, version=11, pageLoadStrategy=normal, ignoreProtectedModeSettings=false, requireWindowFocus=false, initialBrowserUrl=http://localhost:44165/, ie.forceCreateProcessApi=false, nativeEvents=true, browserAttachTimeout=0, ie.browserCommandLineSwitches=}]
	at org.openqa.selenium.remote.ErrorHandler.createThrowable(ErrorHandler.java:206)
	at org.openqa.selenium.remote.ErrorHandler.throwIfResponseFailed(ErrorHandler.java:158)
	at org.openqa.selenium.remote.RemoteWebDriver.execute(RemoteWebDriver.java:678)
	at org.openqa.selenium.remote.RemoteWebDriver.findElement(RemoteWebDriver.java:363)
	at org.openqa.selenium.remote.RemoteWebDriver.findElementById(RemoteWebDriver.java:413)
	at org.openqa.selenium.By$ById.findElement(By.java:218)
	at org.openqa.selenium.remote.RemoteWebDriver.findElement(RemoteWebDriver.java:355)
	at pageObjects.HomeGOIS.LogOut(HomeGOIS.java:14)
	at automationFramework.MultiBrowser.afterClass(MultiBrowser.java:57)
... Removed 28 stack frames]]>
    </failure>
  </testcase> <!-- @AfterClass afterClass -->
  <testcase name="f" time="0.748" classname="automationFramework.MultiBrowser">
    <failure type="org.openqa.selenium.NoSuchElementException" message="Unable to find element with id == cphPage_txtLoginID (WARNING: The server did not provide any stacktrace information)
Command duration or timeout: 505 milliseconds
For documentation on this error, please visit: http://seleniumhq.org/exceptions/no_such_element.html
Build info: version: &amp;apos;2.53.1&amp;apos;, revision: &amp;apos;a36b8b1&amp;apos;, time: &amp;apos;2016-06-30 17:37:09&amp;apos;
System info: host: &amp;apos;DSKPTMOB06&amp;apos;, ip: &amp;apos;192.168.5.2&amp;apos;, os.name: &amp;apos;Windows 8&amp;apos;, os.arch: &amp;apos;amd64&amp;apos;, os.version: &amp;apos;6.2&amp;apos;, java.version: &amp;apos;1.7.0_07&amp;apos;
*** Element info: {Using=id, value=cphPage_txtLoginID}
Session ID: 0a49936f-6a85-4c08-9eb2-26e1cfecfd53
Driver info: org.openqa.selenium.ie.InternetExplorerDriver
Capabilities [{platform=WINDOWS, javascriptEnabled=true, elementScrollBehavior=0, ignoreZoomSetting=false, enablePersistentHover=true, ie.ensureCleanSession=false, browserName=internet explorer, enableElementCacheCleanup=true, ie.enableFullPageScreenshot=true, unexpectedAlertBehaviour=dismiss, ie.fileUploadDialogTimeout=3000, ie.forceShellWindowsApi=false, version=11, pageLoadStrategy=normal, ignoreProtectedModeSettings=false, requireWindowFocus=false, initialBrowserUrl=http://localhost:44165/, ie.forceCreateProcessApi=false, nativeEvents=true, browserAttachTimeout=0, ie.browserCommandLineSwitches=}]">
      <![CDATA[org.openqa.selenium.NoSuchElementException: Unable to find element with id == cphPage_txtLoginID (WARNING: The server did not provide any stacktrace information)
Command duration or timeout: 505 milliseconds
For documentation on this error, please visit: http://seleniumhq.org/exceptions/no_such_element.html
Build info: version: '2.53.1', revision: 'a36b8b1', time: '2016-06-30 17:37:09'
System info: host: 'DSKPTMOB06', ip: '192.168.5.2', os.name: 'Windows 8', os.arch: 'amd64', os.version: '6.2', java.version: '1.7.0_07'
*** Element info: {Using=id, value=cphPage_txtLoginID}
Session ID: 0a49936f-6a85-4c08-9eb2-26e1cfecfd53
Driver info: org.openqa.selenium.ie.InternetExplorerDriver
Capabilities [{platform=WINDOWS, javascriptEnabled=true, elementScrollBehavior=0, ignoreZoomSetting=false, enablePersistentHover=true, ie.ensureCleanSession=false, browserName=internet explorer, enableElementCacheCleanup=true, ie.enableFullPageScreenshot=true, unexpectedAlertBehaviour=dismiss, ie.fileUploadDialogTimeout=3000, ie.forceShellWindowsApi=false, version=11, pageLoadStrategy=normal, ignoreProtectedModeSettings=false, requireWindowFocus=false, initialBrowserUrl=http://localhost:44165/, ie.forceCreateProcessApi=false, nativeEvents=true, browserAttachTimeout=0, ie.browserCommandLineSwitches=}]
	at org.openqa.selenium.remote.ErrorHandler.createThrowable(ErrorHandler.java:206)
	at org.openqa.selenium.remote.ErrorHandler.throwIfResponseFailed(ErrorHandler.java:158)
	at org.openqa.selenium.remote.RemoteWebDriver.execute(RemoteWebDriver.java:678)
	at org.openqa.selenium.remote.RemoteWebDriver.findElement(RemoteWebDriver.java:363)
	at org.openqa.selenium.remote.RemoteWebDriver.findElementById(RemoteWebDriver.java:413)
	at org.openqa.selenium.By$ById.findElement(By.java:218)
	at org.openqa.selenium.remote.RemoteWebDriver.findElement(RemoteWebDriver.java:355)
	at pageObjects.LoginGOIS.LoginID(LoginGOIS.java:13)
	at appModules.SignIn_Action1.Execute(SignIn_Action1.java:19)
	at automationFramework.MultiBrowser.f(MultiBrowser.java:50)
... Removed 28 stack frames]]>
    </failure>
  </testcase> <!-- f -->
</testsuite> <!-- IETest -->
