<?xml version="1.0" encoding="UTF-8"?>
<!-- Generated by org.testng.reporters.JUnitXMLReporter -->
<testsuite hostname="DEEPU-PC" name="Test" tests="5" failures="0" timestamp="28 Jul 2014 04:16:27 GMT" time="35.184" errors="0">
  <testcase name="createCustomerTest" time="6.818" classname="com.actitime.projectandcustomertest.ProjectAndCustomerTest"/>
  <testcase name="verifyCustomerDetailsInWebTableTest" time="3.338" classname="com.actitime.projectandcustomertest.ProjectAndCustomerTest"/>
  <testcase name="createUserTest" time="0.0" classname="com.acttime.usertest.UserTest"/>
  <testcase name="editUserTest" time="0.0" classname="com.acttime.usertest.UserTest"/>
  <testcase name="modifyUserTest" time="0.0" classname="com.acttime.usertest.UserTest"/>
</testsuite> <!-- Test -->
