<?xml version="1.0" encoding="UTF-8"?>
<!-- Generated by org.testng.reporters.JUnitXMLReporter -->
<testsuite hostname="Ankit-PC" name="IETest" tests="1" failures="0" timestamp="31 Mar 2019 08:27:00 GMT" time="0.236" errors="0">
  <testcase name="@BeforeClass beforeClass" time="0.0" classname="automationFramework.MultiBrowser">
    <failure type="java.lang.IllegalStateException" message="The driver executable does not exist: D:\Drivers\IEDriverServer.exe">
      <![CDATA[java.lang.IllegalStateException: The driver executable does not exist: D:\Drivers\IEDriverServer.exe
	at com.google.common.base.Preconditions.checkState(Preconditions.java:199)
	at org.openqa.selenium.remote.service.DriverService.checkExecutable(DriverService.java:121)
	at org.openqa.selenium.remote.service.DriverService.findExecutable(DriverService.java:116)
	at org.openqa.selenium.ie.InternetExplorerDriverService.access$0(InternetExplorerDriverService.java:1)
	at org.openqa.selenium.ie.InternetExplorerDriverService$Builder.findDefaultExecutable(InternetExplorerDriverService.java:167)
	at org.openqa.selenium.remote.service.DriverService$Builder.build(DriverService.java:296)
	at org.openqa.selenium.ie.InternetExplorerDriver.setupService(InternetExplorerDriver.java:251)
	at org.openqa.selenium.ie.InternetExplorerDriver.<init>(InternetExplorerDriver.java:172)
	at org.openqa.selenium.ie.InternetExplorerDriver.<init>(InternetExplorerDriver.java:146)
	at automationFramework.MultiBrowser.beforeClass(MultiBrowser.java:35)
... Removed 24 stack frames]]>
    </failure>
  </testcase> <!-- @BeforeClass beforeClass -->
  <testcase name="@AfterClass afterClass" time="0.0" classname="automationFramework.MultiBrowser">
    <skipped/>
  </testcase> <!-- @AfterClass afterClass -->
  <testcase name="f" time="0.004" classname="automationFramework.MultiBrowser">
    <skipped/>
  </testcase> <!-- f -->
</testsuite> <!-- IETest -->
