<?xml version="1.0" encoding="UTF-8"?>
<!-- Generated by org.testng.reporters.JUnitXMLReporter -->
<testsuite hostname="Ankit-PC" name="Test" tests="2" failures="0" timestamp="15 Jan 2018 16:55:26 GMT" time="131.185" errors="0">
  <testcase name="@BeforeMethod beforeMethod" time="0.0" classname="testCases.TrailTest">
    <failure type="org.openqa.selenium.remote.SessionNotFoundException" message="The FirefoxDriver cannot be used after quit() was called.
Build info: version: &amp;apos;2.53.0&amp;apos;, revision: &amp;apos;35ae25b&amp;apos;, time: &amp;apos;2016-03-15 16:57:40&amp;apos;
System info: host: &amp;apos;Ankit-PC&amp;apos;, ip: &amp;apos;169.254.55.2&amp;apos;, os.name: &amp;apos;Windows 7&amp;apos;, os.arch: &amp;apos;x86&amp;apos;, os.version: &amp;apos;6.1&amp;apos;, java.version: &amp;apos;1.8.0_91&amp;apos;
Driver info: driver.version: RemoteWebDriver">
      <![CDATA[org.openqa.selenium.remote.SessionNotFoundException: The FirefoxDriver cannot be used after quit() was called.
Build info: version: '2.53.0', revision: '35ae25b', time: '2016-03-15 16:57:40'
System info: host: 'Ankit-PC', ip: '169.254.55.2', os.name: 'Windows 7', os.arch: 'x86', os.version: '6.1', java.version: '1.8.0_91'
Driver info: driver.version: RemoteWebDriver
	at org.openqa.selenium.firefox.FirefoxDriver$LazyCommandExecutor.execute(FirefoxDriver.java:377)
	at org.openqa.selenium.remote.RemoteWebDriver.execute(RemoteWebDriver.java:644)
	at org.openqa.selenium.remote.RemoteWebDriver.get(RemoteWebDriver.java:316)
	at testCases.TrailTest.beforeMethod(TrailTest.java:26)
... Removed 26 stack frames]]>
    </failure>
  </testcase> <!-- @BeforeMethod beforeMethod -->
  <testcase name="@AfterMethod afterMethod" time="0.0" classname="testCases.TrailTest">
    <skipped/>
  </testcase> <!-- @AfterMethod afterMethod -->
  <testcase name="AddCstmrTest" time="35.921" classname="testCases.TestCase1"/>
  <testcase name="f" time="0.01" classname="testCases.TrailTest">
    <skipped/>
  </testcase> <!-- f -->
</testsuite> <!-- Test -->
