<?xml version="1.0" encoding="UTF-8"?>
<testng-results skipped="0" failed="0" total="2" passed="2">
  <reporter-output>
  </reporter-output>
  <suite name="Default suite" duration-ms="252" started-at="2018-02-01T09:36:22Z" finished-at="2018-02-01T09:36:22Z">
    <groups>
    </groups>
    <test name="Default test" duration-ms="252" started-at="2018-02-01T09:36:22Z" finished-at="2018-02-01T09:36:22Z">
      <class name="automationFramework.TesnNg2">
        <test-method status="PASS" signature="beforeSuite()[pri:0, instance:automationFramework.TesnNg2@15d3402]" name="beforeSuite" is-config="true" duration-ms="108" started-at="2018-02-01T15:06:21Z" finished-at="2018-02-01T15:06:22Z">
          <reporter-output>
          </reporter-output>
        </test-method> <!-- beforeSuite -->
        <test-method status="PASS" signature="beforeTest()[pri:0, instance:automationFramework.TesnNg2@15d3402]" name="beforeTest" is-config="true" duration-ms="5" started-at="2018-02-01T15:06:22Z" finished-at="2018-02-01T15:06:22Z">
          <reporter-output>
          </reporter-output>
        </test-method> <!-- beforeTest -->
        <test-method status="PASS" signature="beforeClass()[pri:0, instance:automationFramework.TesnNg2@15d3402]" name="beforeClass" is-config="true" duration-ms="2" started-at="2018-02-01T15:06:22Z" finished-at="2018-02-01T15:06:22Z">
          <reporter-output>
          </reporter-output>
        </test-method> <!-- beforeClass -->
        <test-method status="PASS" signature="beforeMethod()[pri:0, instance:automationFramework.TesnNg2@15d3402]" name="beforeMethod" is-config="true" duration-ms="1" started-at="2018-02-01T15:06:22Z" finished-at="2018-02-01T15:06:22Z">
          <reporter-output>
          </reporter-output>
        </test-method> <!-- beforeMethod -->
        <test-method status="PASS" signature="testCase1()[pri:0, instance:automationFramework.TesnNg2@15d3402]" name="testCase1" duration-ms="65" started-at="2018-02-01T15:06:22Z" finished-at="2018-02-01T15:06:22Z">
          <reporter-output>
          </reporter-output>
        </test-method> <!-- testCase1 -->
        <test-method status="PASS" signature="afterMethod()[pri:0, instance:automationFramework.TesnNg2@15d3402]" name="afterMethod" is-config="true" duration-ms="1" started-at="2018-02-01T15:06:22Z" finished-at="2018-02-01T15:06:22Z">
          <reporter-output>
          </reporter-output>
        </test-method> <!-- afterMethod -->
        <test-method status="PASS" signature="beforeMethod()[pri:0, instance:automationFramework.TesnNg2@15d3402]" name="beforeMethod" is-config="true" duration-ms="1" started-at="2018-02-01T15:06:22Z" finished-at="2018-02-01T15:06:22Z">
          <reporter-output>
          </reporter-output>
        </test-method> <!-- beforeMethod -->
        <test-method status="PASS" signature="testCase2()[pri:0, instance:automationFramework.TesnNg2@15d3402]" name="testCase2" duration-ms="13" started-at="2018-02-01T15:06:22Z" finished-at="2018-02-01T15:06:22Z">
          <reporter-output>
          </reporter-output>
        </test-method> <!-- testCase2 -->
        <test-method status="PASS" signature="afterMethod()[pri:0, instance:automationFramework.TesnNg2@15d3402]" name="afterMethod" is-config="true" duration-ms="2" started-at="2018-02-01T15:06:22Z" finished-at="2018-02-01T15:06:22Z">
          <reporter-output>
          </reporter-output>
        </test-method> <!-- afterMethod -->
        <test-method status="PASS" signature="afterClass()[pri:0, instance:automationFramework.TesnNg2@15d3402]" name="afterClass" is-config="true" duration-ms="1" started-at="2018-02-01T15:06:22Z" finished-at="2018-02-01T15:06:22Z">
          <reporter-output>
          </reporter-output>
        </test-method> <!-- afterClass -->
        <test-method status="PASS" signature="afterTest()[pri:0, instance:automationFramework.TesnNg2@15d3402]" name="afterTest" is-config="true" duration-ms="2" started-at="2018-02-01T15:06:22Z" finished-at="2018-02-01T15:06:22Z">
          <reporter-output>
          </reporter-output>
        </test-method> <!-- afterTest -->
        <test-method status="PASS" signature="afterSuite()[pri:0, instance:automationFramework.TesnNg2@15d3402]" name="afterSuite" is-config="true" duration-ms="1" started-at="2018-02-01T15:06:23Z" finished-at="2018-02-01T15:06:23Z">
          <reporter-output>
          </reporter-output>
        </test-method> <!-- afterSuite -->
      </class> <!-- automationFramework.TesnNg2 -->
    </test> <!-- Default test -->
  </suite> <!-- Default suite -->
</testng-results>
