<?xml version="1.0" encoding="UTF-8"?>
<testng-results skipped="0" failed="0" total="3" passed="3">
  <reporter-output>
  </reporter-output>
  <suite name="Suite" duration-ms="129063" started-at="2019-03-31T17:23:33Z" finished-at="2019-03-31T17:25:42Z">
    <groups>
    </groups>
    <test name="Test1" duration-ms="85194" started-at="2019-03-31T17:23:33Z" finished-at="2019-03-31T17:24:58Z">
      <class name="testCases.NewTestBrowserSession">
        <test-method status="PASS" signature="beforeMethod()[pri:0, instance:testCases.NewTestBrowserSession@193948d]" name="beforeMethod" is-config="true" duration-ms="30" started-at="2019-03-31T22:53:33Z" finished-at="2019-03-31T22:53:33Z">
          <reporter-output>
          </reporter-output>
        </test-method> <!-- beforeMethod -->
        <test-method status="PASS" signature="f1()[pri:0, instance:testCases.NewTestBrowserSession@193948d]" name="f1" duration-ms="45196" started-at="2019-03-31T22:53:33Z" finished-at="2019-03-31T22:54:18Z">
          <reporter-output>
          </reporter-output>
        </test-method> <!-- f1 -->
        <test-method status="PASS" signature="afterMethod()[pri:0, instance:testCases.NewTestBrowserSession@193948d]" name="afterMethod" is-config="true" duration-ms="1" started-at="2019-03-31T22:54:18Z" finished-at="2019-03-31T22:54:18Z">
          <reporter-output>
          </reporter-output>
        </test-method> <!-- afterMethod -->
        <test-method status="PASS" signature="beforeMethod()[pri:0, instance:testCases.NewTestBrowserSession@193948d]" name="beforeMethod" is-config="true" duration-ms="2" started-at="2019-03-31T22:54:18Z" finished-at="2019-03-31T22:54:18Z">
          <reporter-output>
          </reporter-output>
        </test-method> <!-- beforeMethod -->
        <test-method status="PASS" signature="f2()[pri:0, instance:testCases.NewTestBrowserSession@193948d]" name="f2" duration-ms="39847" started-at="2019-03-31T22:54:18Z" finished-at="2019-03-31T22:54:58Z">
          <reporter-output>
          </reporter-output>
        </test-method> <!-- f2 -->
        <test-method status="PASS" signature="afterMethod()[pri:0, instance:testCases.NewTestBrowserSession@193948d]" name="afterMethod" is-config="true" duration-ms="2" started-at="2019-03-31T22:54:58Z" finished-at="2019-03-31T22:54:58Z">
          <reporter-output>
          </reporter-output>
        </test-method> <!-- afterMethod -->
      </class> <!-- testCases.NewTestBrowserSession -->
    </test> <!-- Test1 -->
    <test name="Test2" duration-ms="43466" started-at="2019-03-31T17:24:58Z" finished-at="2019-03-31T17:25:42Z">
      <class name="testCases.Test_TestNg1">
        <test-method status="PASS" signature="beforeMethod()[pri:0, instance:testCases.Test_TestNg1@3884b2]" name="beforeMethod" is-config="true" duration-ms="43423" started-at="2019-03-31T22:54:58Z" finished-at="2019-03-31T22:55:42Z">
          <reporter-output>
          </reporter-output>
        </test-method> <!-- beforeMethod -->
        <test-method status="PASS" signature="f()[pri:0, instance:testCases.Test_TestNg1@3884b2]" name="f" duration-ms="7" started-at="2019-03-31T22:55:42Z" finished-at="2019-03-31T22:55:42Z">
          <reporter-output>
          </reporter-output>
        </test-method> <!-- f -->
        <test-method status="PASS" signature="afterMethod()[pri:0, instance:testCases.Test_TestNg1@3884b2]" name="afterMethod" is-config="true" duration-ms="1" started-at="2019-03-31T22:55:42Z" finished-at="2019-03-31T22:55:42Z">
          <reporter-output>
          </reporter-output>
        </test-method> <!-- afterMethod -->
      </class> <!-- testCases.Test_TestNg1 -->
    </test> <!-- Test2 -->
  </suite> <!-- Suite -->
</testng-results>
